<?xml version="1.0" encoding="UTF-8"?>
<!-- Generated by org.testng.reporters.JUnitReportReporter -->
<testsuite skipped="0" hostname="Tyss-1F-11" name="createPageAndAddElements.CreatePageAndElements" tests="38" failures="0" timestamp="06 Jun 2020 13:04:53 GMT" time="277.402" errors="0">
  <testcase name="addingElements" time="11.335" classname="createPageAndAddElements.CreatePageAndElements"/>
  <testcase name="addingElements" time="11.298" classname="createPageAndAddElements.CreatePageAndElements"/>
  <testcase name="addingElements" time="11.550" classname="createPageAndAddElements.CreatePageAndElements"/>
  <testcase name="addingElements" time="11.980" classname="createPageAndAddElements.CreatePageAndElements"/>
  <testcase name="addingElements" time="4.098" classname="createPageAndAddElements.CreatePageAndElements"/>
  <testcase name="addingElements" time="6.086" classname="createPageAndAddElements.CreatePageAndElements"/>
  <testcase name="addingElements" time="5.323" classname="createPageAndAddElements.CreatePageAndElements"/>
  <testcase name="addingElements" time="5.272" classname="createPageAndAddElements.CreatePageAndElements"/>
  <testcase name="addingElements" time="6.805" classname="createPageAndAddElements.CreatePageAndElements"/>
  <testcase name="addingElements" time="5.306" classname="createPageAndAddElements.CreatePageAndElements"/>
  <testcase name="addingElements" time="5.886" classname="createPageAndAddElements.CreatePageAndElements"/>
  <testcase name="addingElements" time="11.572" classname="createPageAndAddElements.CreatePageAndElements"/>
  <testcase name="addingElements" time="10.228" classname="createPageAndAddElements.CreatePageAndElements"/>
  <testcase name="addingElements" time="5.568" classname="createPageAndAddElements.CreatePageAndElements"/>
  <testcase name="addingElements" time="5.846" classname="createPageAndAddElements.CreatePageAndElements"/>
  <testcase name="addingElements" time="5.215" classname="createPageAndAddElements.CreatePageAndElements"/>
  <testcase name="addingElements" time="4.181" classname="createPageAndAddElements.CreatePageAndElements"/>
  <testcase name="addingElements" time="12.174" classname="createPageAndAddElements.CreatePageAndElements"/>
  <testcase name="addingElements" time="6.261" classname="createPageAndAddElements.CreatePageAndElements"/>
  <testcase name="addingElements" time="5.822" classname="createPageAndAddElements.CreatePageAndElements"/>
  <testcase name="addingElements" time="6.126" classname="createPageAndAddElements.CreatePageAndElements"/>
  <testcase name="addingElements" time="10.233" classname="createPageAndAddElements.CreatePageAndElements"/>
  <testcase name="addingElements" time="6.310" classname="createPageAndAddElements.CreatePageAndElements"/>
  <testcase name="addingElements" time="5.536" classname="createPageAndAddElements.CreatePageAndElements"/>
  <testcase name="addingElements" time="6.287" classname="createPageAndAddElements.CreatePageAndElements"/>
  <testcase name="addingElements" time="5.723" classname="createPageAndAddElements.CreatePageAndElements"/>
  <testcase name="addingElements" time="11.604" classname="createPageAndAddElements.CreatePageAndElements"/>
  <testcase name="addingElements" time="6.038" classname="createPageAndAddElements.CreatePageAndElements"/>
  <testcase name="addingElements" time="4.500" classname="createPageAndAddElements.CreatePageAndElements"/>
  <testcase name="addingElements" time="4.133" classname="createPageAndAddElements.CreatePageAndElements"/>
  <testcase name="addingElements" time="5.738" classname="createPageAndAddElements.CreatePageAndElements"/>
  <testcase name="addingElements" time="5.599" classname="createPageAndAddElements.CreatePageAndElements"/>
  <testcase name="addingElements" time="10.544" classname="createPageAndAddElements.CreatePageAndElements"/>
  <testcase name="addingElements" time="6.230" classname="createPageAndAddElements.CreatePageAndElements"/>
  <testcase name="addingElements" time="6.923" classname="createPageAndAddElements.CreatePageAndElements"/>
  <testcase name="addingElements" time="6.401" classname="createPageAndAddElements.CreatePageAndElements"/>
  <testcase name="addingElements" time="5.295" classname="createPageAndAddElements.CreatePageAndElements"/>
  <testcase name="addingElements" time="12.376" classname="createPageAndAddElements.CreatePageAndElements"/>
</testsuite> <!-- createPageAndAddElements.CreatePageAndElements -->
